0 info it worked if it ends with ok
1 verbose cli [ '/home/ec2-user/.nvm/versions/node/v6.0.0/bin/node',
1 verbose cli   '/home/ec2-user/.nvm/versions/node/v6.0.0/bin/npm',
1 verbose cli   'install',
1 verbose cli   'gdax' ]
2 info using npm@3.8.6
3 info using node@v6.0.0
4 silly loadCurrentTree Starting
5 silly install loadCurrentTree
6 silly install readLocalPackageData
7 silly fetchPackageMetaData gdax
8 silly fetchNamedPackageData gdax
9 silly mapToRegistry name gdax
10 silly mapToRegistry using default registry
11 silly mapToRegistry registry https://registry.npmjs.org/
12 silly mapToRegistry data Result {
12 silly mapToRegistry   raw: 'gdax',
12 silly mapToRegistry   scope: null,
12 silly mapToRegistry   name: 'gdax',
12 silly mapToRegistry   rawSpec: '',
12 silly mapToRegistry   spec: 'latest',
12 silly mapToRegistry   type: 'tag' }
13 silly mapToRegistry uri https://registry.npmjs.org/gdax
14 verbose request uri https://registry.npmjs.org/gdax
15 verbose request no auth needed
16 info attempt registry request try #1 at 6:47:55 PM
17 verbose request id 3d036ebed7b6cb04
18 verbose etag W/"59261dcc-5035"
19 verbose lastModified Wed, 24 May 2017 23:57:00 GMT
20 http request GET https://registry.npmjs.org/gdax
21 http 304 https://registry.npmjs.org/gdax
22 verbose headers { date: 'Thu, 25 May 2017 18:47:55 GMT',
22 verbose headers   via: '1.1 varnish',
22 verbose headers   'cache-control': 'max-age=300',
22 verbose headers   etag: 'W/"59261dcc-5035"',
22 verbose headers   age: '171',
22 verbose headers   connection: 'keep-alive',
22 verbose headers   'x-served-by': 'cache-fra1240-FRA',
22 verbose headers   'x-cache': 'HIT',
22 verbose headers   'x-cache-hits': '1',
22 verbose headers   'x-timer': 'S1495738075.140883,VS0,VE1',
22 verbose headers   vary: 'Accept-Encoding' }
23 silly get cb [ 304,
23 silly get   { date: 'Thu, 25 May 2017 18:47:55 GMT',
23 silly get     via: '1.1 varnish',
23 silly get     'cache-control': 'max-age=300',
23 silly get     etag: 'W/"59261dcc-5035"',
23 silly get     age: '171',
23 silly get     connection: 'keep-alive',
23 silly get     'x-served-by': 'cache-fra1240-FRA',
23 silly get     'x-cache': 'HIT',
23 silly get     'x-cache-hits': '1',
23 silly get     'x-timer': 'S1495738075.140883,VS0,VE1',
23 silly get     vary: 'Accept-Encoding' } ]
24 verbose etag https://registry.npmjs.org/gdax from cache
25 verbose get saving gdax to /home/ec2-user/.npm/registry.npmjs.org/gdax/.cache.json
26 verbose correctMkdir /home/ec2-user/.npm correctMkdir not in flight; initializing
27 silly install normalizeTree
28 silly loadCurrentTree Finishing
29 silly loadIdealTree Starting
30 silly install loadIdealTree
31 silly cloneCurrentTree Starting
32 silly install cloneCurrentTreeToIdealTree
33 silly cloneCurrentTree Finishing
34 silly loadShrinkwrap Starting
35 silly install loadShrinkwrap
36 silly loadShrinkwrap Finishing
37 silly loadAllDepsIntoIdealTree Starting
38 silly install loadAllDepsIntoIdealTree
39 silly rollbackFailedOptional Starting
40 silly rollbackFailedOptional Finishing
41 silly runTopLevelLifecycles Starting
42 silly runTopLevelLifecycles Finishing
43 silly install printInstalled
44 verbose stack Error: Refusing to install gdax as a dependency of itself
44 verbose stack     at checkSelf (/home/ec2-user/.nvm/versions/node/v6.0.0/lib/node_modules/npm/lib/install/validate-args.js:53:14)
44 verbose stack     at Array.<anonymous> (/home/ec2-user/.nvm/versions/node/v6.0.0/lib/node_modules/npm/node_modules/slide/lib/bind-actor.js:15:8)
44 verbose stack     at LOOP (/home/ec2-user/.nvm/versions/node/v6.0.0/lib/node_modules/npm/node_modules/slide/lib/chain.js:15:14)
44 verbose stack     at chain (/home/ec2-user/.nvm/versions/node/v6.0.0/lib/node_modules/npm/node_modules/slide/lib/chain.js:20:5)
44 verbose stack     at /home/ec2-user/.nvm/versions/node/v6.0.0/lib/node_modules/npm/lib/install/validate-args.js:16:5
44 verbose stack     at /home/ec2-user/.nvm/versions/node/v6.0.0/lib/node_modules/npm/node_modules/slide/lib/async-map.js:52:35
44 verbose stack     at Array.forEach (native)
44 verbose stack     at /home/ec2-user/.nvm/versions/node/v6.0.0/lib/node_modules/npm/node_modules/slide/lib/async-map.js:52:11
44 verbose stack     at Array.forEach (native)
44 verbose stack     at asyncMap (/home/ec2-user/.nvm/versions/node/v6.0.0/lib/node_modules/npm/node_modules/slide/lib/async-map.js:51:8)
45 verbose cwd /home/ec2-user/gdaxnode/gdax-node/lib/clients
46 error Linux 4.9.27-14.31.amzn1.x86_64
47 error argv "/home/ec2-user/.nvm/versions/node/v6.0.0/bin/node" "/home/ec2-user/.nvm/versions/node/v6.0.0/bin/npm" "install" "gdax"
48 error node v6.0.0
49 error npm  v3.8.6
50 error code ENOSELF
51 error Refusing to install gdax as a dependency of itself
52 error If you need help, you may report this error at:
52 error     <https://github.com/npm/npm/issues>
53 verbose exit [ 1, true ]
